[13-Aug-2025 18:01:09 Europe/Berlin] PHP Warning:  Undefined variable $conn in C:\xampp\htdocs\Voltech-2\projectmanager\get_messages.php on line 35
[13-Aug-2025 18:01:09 Europe/Berlin] PHP Fatal error:  Uncaught Error: Call to a member function prepare() on null in C:\xampp\htdocs\Voltech-2\projectmanager\get_messages.php:35
Stack trace:
#0 {main}
  thrown in C:\xampp\htdocs\Voltech-2\projectmanager\get_messages.php on line 35
[13-Aug-2025 18:01:10 Europe/Berlin] PHP Warning:  Undefined variable $conn in C:\xampp\htdocs\Voltech-2\projectmanager\get_messages.php on line 35
[13-Aug-2025 18:01:10 Europe/Berlin] PHP Fatal error:  Uncaught Error: Call to a member function prepare() on null in C:\xampp\htdocs\Voltech-2\projectmanager\get_messages.php:35
Stack trace:
#0 {main}
  thrown in C:\xampp\htdocs\Voltech-2\projectmanager\get_messages.php on line 35
[13-Aug-2025 18:01:15 Europe/Berlin] PHP Warning:  Undefined variable $conn in C:\xampp\htdocs\Voltech-2\projectmanager\get_messages.php on line 35
[13-Aug-2025 18:01:15 Europe/Berlin] PHP Fatal error:  Uncaught Error: Call to a member function prepare() on null in C:\xampp\htdocs\Voltech-2\projectmanager\get_messages.php:35
Stack trace:
#0 {main}
  thrown in C:\xampp\htdocs\Voltech-2\projectmanager\get_messages.php on line 35
[13-Aug-2025 18:01:25 Europe/Berlin] PHP Warning:  Undefined variable $conn in C:\xampp\htdocs\Voltech-2\projectmanager\get_messages.php on line 35
[13-Aug-2025 18:01:25 Europe/Berlin] PHP Fatal error:  Uncaught Error: Call to a member function prepare() on null in C:\xampp\htdocs\Voltech-2\projectmanager\get_messages.php:35
Stack trace:
#0 {main}
  thrown in C:\xampp\htdocs\Voltech-2\projectmanager\get_messages.php on line 35
