[2025-09-08 19:34:12] New request: Array
(
    [project_id] => 217
)

[2025-09-08 19:34:12] Preparing query: SELECT p.user_id, u.name, u.email, gs.gcash_number, gs.account_name 
              FROM projects p
              JOIN users u ON p.user_id = u.user_id 
              LEFT JOIN gcash_settings gs ON p.user_id = gs.user_id 
              WHERE p.project_id = ? AND (gs.is_active = 1 OR gs.is_active IS NULL)
[2025-09-08 19:34:12] Error: Unknown column 'u.name' in 'field list' in C:\xampp\htdocs\Voltech-2\p_client\get_gcash_details.php on line 60
[2025-09-08 19:35:41] New request: Array
(
    [project_id] => 217
)

[2025-09-08 19:35:41] Preparing query: SELECT p.user_id, u.name, u.email, gs.gcash_number, gs.account_name 
              FROM projects p
              JOIN users u ON p.user_id = u.user_id 
              LEFT JOIN gcash_settings gs ON p.user_id = gs.user_id 
              WHERE p.project_id = ? AND (gs.is_active = 1 OR gs.is_active IS NULL)
[2025-09-08 19:35:41] Error: Unknown column 'u.name' in 'field list' in C:\xampp\htdocs\Voltech-2\p_client\get_gcash_details.php on line 60
[2025-09-08 19:50:37] Processing request Data: {"project_id":217}[2025-09-08 19:50:59] Processing request Data: {"project_id":217}[2025-09-08 19:51:17] Processing request Data: {"project_id":217}[2025-09-08 19:54:43] Processing request Data: {"project_id":217}[2025-09-08 19:55:33] Processing request Data: {"project_id":217}[2025-09-08 19:57:47] Processing request Data: {"project_id":217}[2025-09-08 19:58:02] Processing request Data: {"project_id":217}[2025-09-08 19:59:35] Processing request Data: {"project_id":217}[2025-09-08 20:02:04] Processing request Data: {"project_id":217}[2025-09-08 20:03:19] Processing request Data: {"project_id":217}[2025-09-08 20:03:23] Processing request Data: {"project_id":217}[2025-09-08 20:04:37] Processing request Data: {"project_id":217}[2025-09-08 20:05:01] Processing request Data: {"project_id":217}[2025-09-08 20:13:39] Processing request Data: {"project_id":217}[2025-09-08 20:15:14] Processing request Data: {"project_id":217}[2025-09-08 20:15:20] Processing request Data: {"project_id":217}[2025-09-08 20:16:01] Processing request Data: {"project_id":217}[2025-09-08 20:16:38] Processing request Data: {"project_id":217}[2025-09-08 20:17:07] Processing request Data: {"project_id":217}[2025-09-08 20:17:10] Processing request Data: {"project_id":217}[2025-09-08 20:22:58] Processing request Data: {"project_id":217}[2025-09-08 20:30:46] Processing request Data: {"project_id":217}[2025-09-08 20:31:28] Processing request Data: {"project_id":217}[2025-09-08 20:32:52] Processing request Data: {"project_id":217}[2025-09-08 23:22:33] Processing request Data: {"project_id":217}[2025-09-08 23:23:58] Processing request Data: {"project_id":217}[2025-09-08 23:25:38] Processing request Data: {"project_id":217}[2025-09-08 23:27:26] Processing request Data: {"project_id":217}[2025-09-08 23:28:25] Processing request Data: {"project_id":217}[2025-09-08 23:37:36] Processing request Data: {"project_id":217}[2025-09-08 23:38:44] Processing request Data: {"project_id":217}[2025-09-09 01:11:39] Processing request Data: {"project_id":217}[2025-09-09 01:36:08] Processing request Data: {"project_id":217}[2025-09-09 01:37:32] Processing request Data: {"project_id":217}[2025-09-09 02:40:19] No project_id provided Data: {"_GET":[]}[2025-09-09 02:48:01] Processing request Data: {"project_id":217}[2025-09-09 02:48:01] Processing request Data: {"project_id":217}[2025-09-09 02:49:24] Processing request Data: {"project_id":217}[2025-09-09 02:49:24] Processing request Data: {"project_id":217}[2025-09-09 02:50:25] Processing request Data: {"project_id":217}[2025-09-09 02:50:25] Processing request Data: {"project_id":217}[2025-09-09 02:50:56] Processing request Data: {"project_id":217}[2025-09-09 02:50:56] Processing request Data: {"project_id":217}[2025-09-09 02:51:46] Processing request Data: {"project_id":217}[2025-09-09 02:51:46] Processing request Data: {"project_id":217}[2025-09-09 02:52:35] Processing request Data: {"project_id":217}[2025-09-09 02:52:35] Processing request Data: {"project_id":217}[2025-09-09 02:52:41] Processing request Data: {"project_id":217}[2025-09-09 02:52:41] Processing request Data: {"project_id":217}[2025-09-09 02:54:37] Processing request Data: {"project_id":217}[2025-09-09 02:54:37] Processing request Data: {"project_id":217}[2025-09-09 02:58:19] Processing request Data: {"project_id":217}[2025-09-09 02:58:19] Processing request Data: {"project_id":217}[2025-09-09 03:18:26] Processing request Data: {"project_id":217}[2025-09-09 03:18:26] Processing request Data: {"project_id":217}[2025-09-09 03:36:36] Invalid project_id Data: {"project_id":"[object HTMLInputElement]"}[2025-09-09 03:36:36] Invalid project_id Data: {"project_id":"[object HTMLInputElement]"}[2025-09-09 03:36:49] Processing request Data: {"project_id":217}[2025-09-09 03:36:55] Processing request Data: {"project_id":217}[2025-09-09 03:37:05] Processing request Data: {"project_id":217}[2025-09-09 03:37:05] Processing request Data: {"project_id":217}